2025-01-05 17:00:54 0 [Note] Starting MariaDB 10.4.32-MariaDB source revision c4143f909528e3fab0677a28631d10389354c491 as process 3184
2025-01-05 17:00:54 0 [Note] InnoDB: Mutexes and rw_locks use Windows interlocked functions
2025-01-05 17:00:54 0 [Note] InnoDB: Uses event mutexes
2025-01-05 17:00:54 0 [Note] InnoDB: Compressed tables use zlib 1.3
2025-01-05 17:00:54 0 [Note] InnoDB: Number of pools: 1
2025-01-05 17:00:54 0 [Note] InnoDB: Using SSE2 crc32 instructions
2025-01-05 17:00:54 0 [Note] InnoDB: Initializing buffer pool, total size = 16M, instances = 1, chunk size = 16M
2025-01-05 17:00:54 0 [Note] InnoDB: Completed initialization of buffer pool
2025-01-05 17:00:54 0 [Note] InnoDB: Starting crash recovery from checkpoint LSN=300288
2025-01-05 17:00:54 0 [Note] InnoDB: 128 out of 128 rollback segments are active.
2025-01-05 17:00:54 0 [Note] InnoDB: Removed temporary tablespace data file: "ibtmp1"
2025-01-05 17:00:54 0 [Note] InnoDB: Creating shared tablespace for temporary tables
2025-01-05 17:00:54 0 [Note] InnoDB: Setting file 'C:\xampp2\mysql\data\ibtmp1' size to 12 MB. Physically writing the file full; Please wait ...
2025-01-05 17:00:54 0 [Note] InnoDB: File 'C:\xampp2\mysql\data\ibtmp1' size is now 12 MB.
2025-01-05 17:00:54 0 [Note] InnoDB: Waiting for purge to start
2025-01-05 17:00:54 0 [Note] InnoDB: 10.4.32 started; log sequence number 300297; transaction id 170
2025-01-05 17:00:54 0 [Note] InnoDB: Loading buffer pool(s) from C:\xampp2\mysql\data\ib_buffer_pool
2025-01-05 17:00:54 0 [Note] Plugin 'FEEDBACK' is disabled.
2025-01-05 17:00:54 0 [Note] Server socket created on IP: '::'.
2025-01-05 17:59:23 0 [Note] Starting MariaDB 10.4.32-MariaDB source revision c4143f909528e3fab0677a28631d10389354c491 as process 12728
2025-01-05 17:59:23 0 [Note] mysqld.exe: Aria engine: starting recovery
recovered pages: 0% 13% 38% 56% 67% 100% (0.0 seconds); tables to flush: 2 1 0
 (0.0 seconds); 
2025-01-05 17:59:23 0 [Note] mysqld.exe: Aria engine: recovery done
2025-01-05 17:59:23 0 [Note] InnoDB: Mutexes and rw_locks use Windows interlocked functions
2025-01-05 17:59:23 0 [Note] InnoDB: Uses event mutexes
2025-01-05 17:59:23 0 [Note] InnoDB: Compressed tables use zlib 1.3
2025-01-05 17:59:23 0 [Note] InnoDB: Number of pools: 1
2025-01-05 17:59:23 0 [Note] InnoDB: Using SSE2 crc32 instructions
2025-01-05 17:59:23 0 [Note] InnoDB: Initializing buffer pool, total size = 16M, instances = 1, chunk size = 16M
2025-01-05 17:59:23 0 [Note] InnoDB: Completed initialization of buffer pool
2025-01-05 17:59:23 0 [Note] InnoDB: Starting crash recovery from checkpoint LSN=334429
2025-01-05 17:59:23 0 [Note] InnoDB: 128 out of 128 rollback segments are active.
2025-01-05 17:59:23 0 [Note] InnoDB: Removed temporary tablespace data file: "ibtmp1"
2025-01-05 17:59:23 0 [Note] InnoDB: Creating shared tablespace for temporary tables
2025-01-05 17:59:23 0 [Note] InnoDB: Setting file 'C:\xampp2\mysql\data\ibtmp1' size to 12 MB. Physically writing the file full; Please wait ...
2025-01-05 17:59:23 0 [Note] InnoDB: File 'C:\xampp2\mysql\data\ibtmp1' size is now 12 MB.
2025-01-05 17:59:23 0 [Note] InnoDB: Waiting for purge to start
2025-01-05 17:59:23 0 [Note] InnoDB: 10.4.32 started; log sequence number 334438; transaction id 259
2025-01-05 17:59:23 0 [Note] InnoDB: Loading buffer pool(s) from C:\xampp2\mysql\data\ib_buffer_pool
2025-01-05 17:59:23 0 [Note] Plugin 'FEEDBACK' is disabled.
2025-01-05 17:59:23 0 [Note] Server socket created on IP: '::'.
2025-01-05 20:04:50 0 [Note] Starting MariaDB 10.4.32-MariaDB source revision c4143f909528e3fab0677a28631d10389354c491 as process 9272
2025-01-05 20:04:50 0 [Note] InnoDB: Mutexes and rw_locks use Windows interlocked functions
2025-01-05 20:04:50 0 [Note] InnoDB: Uses event mutexes
2025-01-05 20:04:50 0 [Note] InnoDB: Compressed tables use zlib 1.3
2025-01-05 20:04:50 0 [Note] InnoDB: Number of pools: 1
2025-01-05 20:04:50 0 [Note] InnoDB: Using SSE2 crc32 instructions
2025-01-05 20:04:50 0 [Note] InnoDB: Initializing buffer pool, total size = 16M, instances = 1, chunk size = 16M
2025-01-05 20:04:50 0 [Note] InnoDB: Completed initialization of buffer pool
2025-01-05 20:04:50 0 [Note] InnoDB: Starting crash recovery from checkpoint LSN=348993
2025-01-05 20:04:50 0 [Note] InnoDB: 128 out of 128 rollback segments are active.
2025-01-05 20:04:50 0 [Note] InnoDB: Removed temporary tablespace data file: "ibtmp1"
2025-01-05 20:04:50 0 [Note] InnoDB: Creating shared tablespace for temporary tables
2025-01-05 20:04:50 0 [Note] InnoDB: Setting file 'C:\xampp2\mysql\data\ibtmp1' size to 12 MB. Physically writing the file full; Please wait ...
2025-01-05 20:04:50 0 [Note] InnoDB: File 'C:\xampp2\mysql\data\ibtmp1' size is now 12 MB.
2025-01-05 20:04:50 0 [Note] InnoDB: Waiting for purge to start
2025-01-05 20:04:50 0 [Note] InnoDB: 10.4.32 started; log sequence number 349002; transaction id 317
2025-01-05 20:04:50 0 [Note] InnoDB: Loading buffer pool(s) from C:\xampp2\mysql\data\ib_buffer_pool
2025-01-05 20:04:50 0 [Note] Plugin 'FEEDBACK' is disabled.
2025-01-05 20:04:50 0 [Note] Server socket created on IP: '::'.
2025-01-05 20:49:52 0 [Note] Starting MariaDB 10.4.32-MariaDB source revision c4143f909528e3fab0677a28631d10389354c491 as process 10600
2025-01-05 20:49:52 0 [Note] InnoDB: Mutexes and rw_locks use Windows interlocked functions
2025-01-05 20:49:52 0 [Note] InnoDB: Uses event mutexes
2025-01-05 20:49:52 0 [Note] InnoDB: Compressed tables use zlib 1.3
2025-01-05 20:49:52 0 [Note] InnoDB: Number of pools: 1
2025-01-05 20:49:52 0 [Note] InnoDB: Using SSE2 crc32 instructions
2025-01-05 20:49:52 0 [Note] InnoDB: Initializing buffer pool, total size = 16M, instances = 1, chunk size = 16M
2025-01-05 20:49:52 0 [Note] InnoDB: Completed initialization of buffer pool
2025-01-05 20:49:52 0 [Note] InnoDB: Starting crash recovery from checkpoint LSN=349011
2025-01-05 20:49:52 0 [Note] InnoDB: 128 out of 128 rollback segments are active.
2025-01-05 20:49:52 0 [Note] InnoDB: Removed temporary tablespace data file: "ibtmp1"
2025-01-05 20:49:52 0 [Note] InnoDB: Creating shared tablespace for temporary tables
2025-01-05 20:49:52 0 [Note] InnoDB: Setting file 'C:\xampp2\mysql\data\ibtmp1' size to 12 MB. Physically writing the file full; Please wait ...
2025-01-05 20:49:52 0 [Note] InnoDB: File 'C:\xampp2\mysql\data\ibtmp1' size is now 12 MB.
2025-01-05 20:49:52 0 [Note] InnoDB: Waiting for purge to start
2025-01-05 20:49:52 0 [Note] InnoDB: 10.4.32 started; log sequence number 349020; transaction id 317
2025-01-05 20:49:52 0 [Note] InnoDB: Loading buffer pool(s) from C:\xampp2\mysql\data\ib_buffer_pool
2025-01-05 20:49:52 0 [Note] Plugin 'FEEDBACK' is disabled.
2025-01-05 20:49:52 0 [Note] Server socket created on IP: '::'.
2025-01-05 20:58:47 0 [Note] Starting MariaDB 10.4.32-MariaDB source revision c4143f909528e3fab0677a28631d10389354c491 as process 14192
2025-01-05 20:58:47 0 [Note] InnoDB: Mutexes and rw_locks use Windows interlocked functions
2025-01-05 20:58:47 0 [Note] InnoDB: Uses event mutexes
2025-01-05 20:58:47 0 [Note] InnoDB: Compressed tables use zlib 1.3
2025-01-05 20:58:47 0 [Note] InnoDB: Number of pools: 1
2025-01-05 20:58:47 0 [Note] InnoDB: Using SSE2 crc32 instructions
2025-01-05 20:58:47 0 [Note] InnoDB: Initializing buffer pool, total size = 16M, instances = 1, chunk size = 16M
2025-01-05 20:58:47 0 [Note] InnoDB: Completed initialization of buffer pool
2025-01-05 20:58:47 0 [Note] InnoDB: Starting crash recovery from checkpoint LSN=349029
2025-01-05 20:58:47 0 [Note] InnoDB: 128 out of 128 rollback segments are active.
2025-01-05 20:58:47 0 [Note] InnoDB: Removed temporary tablespace data file: "ibtmp1"
2025-01-05 20:58:47 0 [Note] InnoDB: Creating shared tablespace for temporary tables
2025-01-05 20:58:47 0 [Note] InnoDB: Setting file 'C:\xampp2\mysql\data\ibtmp1' size to 12 MB. Physically writing the file full; Please wait ...
2025-01-05 20:58:47 0 [Note] InnoDB: File 'C:\xampp2\mysql\data\ibtmp1' size is now 12 MB.
2025-01-05 20:58:47 0 [Note] InnoDB: Waiting for purge to start
2025-01-05 20:58:47 0 [Note] InnoDB: 10.4.32 started; log sequence number 349038; transaction id 317
2025-01-05 20:58:47 0 [Note] Plugin 'FEEDBACK' is disabled.
2025-01-05 20:58:47 0 [Note] InnoDB: Loading buffer pool(s) from C:\xampp2\mysql\data\ib_buffer_pool
2025-01-05 20:58:47 0 [Note] InnoDB: Buffer pool(s) load completed at 250105 20:58:47
2025-01-05 20:58:47 0 [Note] Server socket created on IP: '::'.
2025-01-05 22:23:22 0 [Note] Starting MariaDB 10.4.32-MariaDB source revision c4143f909528e3fab0677a28631d10389354c491 as process 2720
2025-01-05 22:23:22 0 [Note] InnoDB: Mutexes and rw_locks use Windows interlocked functions
2025-01-05 22:23:22 0 [Note] InnoDB: Uses event mutexes
2025-01-05 22:23:22 0 [Note] InnoDB: Compressed tables use zlib 1.3
2025-01-05 22:23:22 0 [Note] InnoDB: Number of pools: 1
2025-01-05 22:23:22 0 [Note] InnoDB: Using SSE2 crc32 instructions
2025-01-05 22:23:22 0 [Note] InnoDB: Initializing buffer pool, total size = 16M, instances = 1, chunk size = 16M
2025-01-05 22:23:22 0 [Note] InnoDB: Completed initialization of buffer pool
2025-01-05 22:23:22 0 [Note] InnoDB: Starting crash recovery from checkpoint LSN=351005
2025-01-05 22:23:22 0 [Note] InnoDB: 128 out of 128 rollback segments are active.
2025-01-05 22:23:22 0 [Note] InnoDB: Removed temporary tablespace data file: "ibtmp1"
2025-01-05 22:23:22 0 [Note] InnoDB: Creating shared tablespace for temporary tables
2025-01-05 22:23:22 0 [Note] InnoDB: Setting file 'C:\xampp2\mysql\data\ibtmp1' size to 12 MB. Physically writing the file full; Please wait ...
2025-01-05 22:23:22 0 [Note] InnoDB: File 'C:\xampp2\mysql\data\ibtmp1' size is now 12 MB.
2025-01-05 22:23:22 0 [Note] InnoDB: Waiting for purge to start
2025-01-05 22:23:23 0 [Note] InnoDB: 10.4.32 started; log sequence number 351014; transaction id 351
2025-01-05 22:23:23 0 [Note] InnoDB: Loading buffer pool(s) from C:\xampp2\mysql\data\ib_buffer_pool
2025-01-05 22:23:23 0 [Note] Plugin 'FEEDBACK' is disabled.
2025-01-05 22:23:23 0 [Note] InnoDB: Buffer pool(s) load completed at 250105 22:23:23
2025-01-05 22:23:23 0 [Note] Server socket created on IP: '::'.
2025-01-06 16:38:36 0 [Note] Starting MariaDB 10.4.32-MariaDB source revision c4143f909528e3fab0677a28631d10389354c491 as process 3628
2025-01-06 16:38:36 0 [Note] InnoDB: Mutexes and rw_locks use Windows interlocked functions
2025-01-06 16:38:36 0 [Note] InnoDB: Uses event mutexes
2025-01-06 16:38:36 0 [Note] InnoDB: Compressed tables use zlib 1.3
2025-01-06 16:38:36 0 [Note] InnoDB: Number of pools: 1
2025-01-06 16:38:36 0 [Note] InnoDB: Using SSE2 crc32 instructions
2025-01-06 16:38:36 0 [Note] InnoDB: Initializing buffer pool, total size = 16M, instances = 1, chunk size = 16M
2025-01-06 16:38:36 0 [Note] InnoDB: Completed initialization of buffer pool
2025-01-06 16:38:36 0 [Note] InnoDB: Starting crash recovery from checkpoint LSN=356076
2025-01-06 16:38:36 0 [Note] InnoDB: 128 out of 128 rollback segments are active.
2025-01-06 16:38:36 0 [Note] InnoDB: Removed temporary tablespace data file: "ibtmp1"
2025-01-06 16:38:36 0 [Note] InnoDB: Creating shared tablespace for temporary tables
2025-01-06 16:38:36 0 [Note] InnoDB: Setting file 'C:\xampp2\mysql\data\ibtmp1' size to 12 MB. Physically writing the file full; Please wait ...
2025-01-06 16:38:36 0 [Note] InnoDB: File 'C:\xampp2\mysql\data\ibtmp1' size is now 12 MB.
2025-01-06 16:38:36 0 [Note] InnoDB: Waiting for purge to start
2025-01-06 16:38:37 0 [Note] InnoDB: 10.4.32 started; log sequence number 356085; transaction id 389
2025-01-06 16:38:37 0 [Note] Plugin 'FEEDBACK' is disabled.
2025-01-06 16:38:37 0 [Note] InnoDB: Loading buffer pool(s) from C:\xampp2\mysql\data\ib_buffer_pool
2025-01-06 16:38:37 0 [Note] InnoDB: Buffer pool(s) load completed at 250106 16:38:37
2025-01-06 16:38:37 0 [Note] Server socket created on IP: '::'.
2025-01-07 14:12:43 0 [Note] Starting MariaDB 10.4.32-MariaDB source revision c4143f909528e3fab0677a28631d10389354c491 as process 17652
2025-01-07 14:12:43 0 [Note] InnoDB: Mutexes and rw_locks use Windows interlocked functions
2025-01-07 14:12:43 0 [Note] InnoDB: Uses event mutexes
2025-01-07 14:12:43 0 [Note] InnoDB: Compressed tables use zlib 1.3
2025-01-07 14:12:43 0 [Note] InnoDB: Number of pools: 1
2025-01-07 14:12:43 0 [Note] InnoDB: Using SSE2 crc32 instructions
2025-01-07 14:12:43 0 [Note] InnoDB: Initializing buffer pool, total size = 16M, instances = 1, chunk size = 16M
2025-01-07 14:12:43 0 [Note] InnoDB: Completed initialization of buffer pool
2025-01-07 14:12:43 0 [Note] InnoDB: Starting crash recovery from checkpoint LSN=365372
2025-01-07 14:12:43 0 [Note] InnoDB: 128 out of 128 rollback segments are active.
2025-01-07 14:12:43 0 [Note] InnoDB: Removed temporary tablespace data file: "ibtmp1"
2025-01-07 14:12:43 0 [Note] InnoDB: Creating shared tablespace for temporary tables
2025-01-07 14:12:43 0 [Note] InnoDB: Setting file 'C:\xampp2\mysql\data\ibtmp1' size to 12 MB. Physically writing the file full; Please wait ...
2025-01-07 14:12:43 0 [Note] InnoDB: File 'C:\xampp2\mysql\data\ibtmp1' size is now 12 MB.
2025-01-07 14:12:43 0 [Note] InnoDB: Waiting for purge to start
2025-01-07 14:12:43 0 [Note] InnoDB: 10.4.32 started; log sequence number 365381; transaction id 447
2025-01-07 14:12:43 0 [Note] InnoDB: Loading buffer pool(s) from C:\xampp2\mysql\data\ib_buffer_pool
2025-01-07 14:12:43 0 [Note] Plugin 'FEEDBACK' is disabled.
2025-01-07 14:12:43 0 [Note] InnoDB: Buffer pool(s) load completed at 250107 14:12:43
2025-01-07 14:12:44 0 [Note] Server socket created on IP: '::'.
2025-01-07 18:02:34 0 [Note] Starting MariaDB 10.4.32-MariaDB source revision c4143f909528e3fab0677a28631d10389354c491 as process 17268
2025-01-07 18:02:34 0 [Note] InnoDB: Mutexes and rw_locks use Windows interlocked functions
2025-01-07 18:02:34 0 [Note] InnoDB: Uses event mutexes
2025-01-07 18:02:34 0 [Note] InnoDB: Compressed tables use zlib 1.3
2025-01-07 18:02:34 0 [Note] InnoDB: Number of pools: 1
2025-01-07 18:02:34 0 [Note] InnoDB: Using SSE2 crc32 instructions
2025-01-07 18:02:34 0 [Note] InnoDB: Initializing buffer pool, total size = 16M, instances = 1, chunk size = 16M
2025-01-07 18:02:34 0 [Note] InnoDB: Completed initialization of buffer pool
2025-01-07 18:02:34 0 [Note] InnoDB: Starting crash recovery from checkpoint LSN=365390
2025-01-07 18:02:35 0 [Note] InnoDB: 128 out of 128 rollback segments are active.
2025-01-07 18:02:35 0 [Note] InnoDB: Removed temporary tablespace data file: "ibtmp1"
2025-01-07 18:02:35 0 [Note] InnoDB: Creating shared tablespace for temporary tables
2025-01-07 18:02:35 0 [Note] InnoDB: Setting file 'C:\xampp2\mysql\data\ibtmp1' size to 12 MB. Physically writing the file full; Please wait ...
2025-01-07 18:02:35 0 [Note] InnoDB: File 'C:\xampp2\mysql\data\ibtmp1' size is now 12 MB.
2025-01-07 18:02:35 0 [Note] InnoDB: Waiting for purge to start
2025-01-07 18:02:35 0 [Note] InnoDB: 10.4.32 started; log sequence number 365399; transaction id 447
2025-01-07 18:02:35 0 [Note] InnoDB: Loading buffer pool(s) from C:\xampp2\mysql\data\ib_buffer_pool
2025-01-07 18:02:35 0 [Note] Plugin 'FEEDBACK' is disabled.
2025-01-07 18:02:35 0 [Note] InnoDB: Buffer pool(s) load completed at 250107 18:02:35
2025-01-07 18:02:35 0 [Note] Server socket created on IP: '::'.
2025-01-07 18:17:44 0 [Note] Starting MariaDB 10.4.32-MariaDB source revision c4143f909528e3fab0677a28631d10389354c491 as process 6540
2025-01-07 18:17:44 0 [Note] InnoDB: Mutexes and rw_locks use Windows interlocked functions
2025-01-07 18:17:44 0 [Note] InnoDB: Uses event mutexes
2025-01-07 18:17:44 0 [Note] InnoDB: Compressed tables use zlib 1.3
2025-01-07 18:17:44 0 [Note] InnoDB: Number of pools: 1
2025-01-07 18:17:44 0 [Note] InnoDB: Using SSE2 crc32 instructions
2025-01-07 18:17:44 0 [Note] InnoDB: Initializing buffer pool, total size = 16M, instances = 1, chunk size = 16M
2025-01-07 18:17:44 0 [Note] InnoDB: Completed initialization of buffer pool
2025-01-07 18:17:44 0 [Note] InnoDB: Starting crash recovery from checkpoint LSN=365408
2025-01-07 18:17:44 0 [Note] InnoDB: 128 out of 128 rollback segments are active.
2025-01-07 18:17:44 0 [Note] InnoDB: Removed temporary tablespace data file: "ibtmp1"
2025-01-07 18:17:44 0 [Note] InnoDB: Creating shared tablespace for temporary tables
2025-01-07 18:17:44 0 [Note] InnoDB: Setting file 'C:\xampp2\mysql\data\ibtmp1' size to 12 MB. Physically writing the file full; Please wait ...
2025-01-07 18:17:44 0 [Note] InnoDB: File 'C:\xampp2\mysql\data\ibtmp1' size is now 12 MB.
2025-01-07 18:17:44 0 [Note] InnoDB: Waiting for purge to start
2025-01-07 18:17:44 0 [Note] InnoDB: 10.4.32 started; log sequence number 365417; transaction id 447
2025-01-07 18:17:44 0 [Note] InnoDB: Loading buffer pool(s) from C:\xampp2\mysql\data\ib_buffer_pool
2025-01-07 18:17:44 0 [Note] Plugin 'FEEDBACK' is disabled.
2025-01-07 18:17:44 0 [Note] Server socket created on IP: '::'.
22025-01-08 13:32:05 0 [Note] Starting MariaDB 10.4.32-MariaDB source revision c4143f909528e3fab0677a28631d10389354c491 as process 19124
2025-01-08 13:32:05 0 [Note] InnoDB: Mutexes and rw_locks use Windows interlocked functions
2025-01-08 13:32:05 0 [Note] InnoDB: Uses event mutexes
2025-01-08 13:32:05 0 [Note] InnoDB: Compressed tables use zlib 1.3
2025-01-08 13:32:05 0 [Note] InnoDB: Number of pools: 1
2025-01-08 13:32:05 0 [Note] InnoDB: Using SSE2 crc32 instructions
2025-01-08 13:32:05 0 [Note] InnoDB: Initializing buffer pool, total size = 16M, instances = 1, chunk size = 16M
2025-01-08 13:32:05 0 [Note] InnoDB: Completed initialization of buffer pool
2025-01-08 13:32:05 0 [Note] InnoDB: Starting crash recovery from checkpoint LSN=374809
2025-01-08 13:32:05 0 [Note] InnoDB: 128 out of 128 rollback segments are active.
2025-01-08 13:32:05 0 [Note] InnoDB: Removed temporary tablespace data file: "ibtmp1"
2025-01-08 13:32:05 0 [Note] InnoDB: Creating shared tablespace for temporary tables
2025-01-08 13:32:05 0 [Note] InnoDB: Setting file 'C:\xampp2\mysql\data\ibtmp1' size to 12 MB. Physically writing the file full; Please wait ...
2025-01-08 13:32:05 0 [Note] InnoDB: File 'C:\xampp2\mysql\data\ibtmp1' size is now 12 MB.
2025-01-08 13:32:05 0 [Note] InnoDB: Waiting for purge to start
2025-01-08 13:32:05 0 [Note] InnoDB: 10.4.32 started; log sequence number 374818; transaction id 492
2025-01-08 13:32:05 0 [Note] InnoDB: Loading buffer pool(s) from C:\xampp2\mysql\data\ib_buffer_pool
2025-01-08 13:32:05 0 [Note] Plugin 'FEEDBACK' is disabled.
2025-01-08 13:32:05 0 [Note] InnoDB: Buffer pool(s) load completed at 250108 13:32:05
2025-01-08 13:32:05 0 [Note] Server socket created on IP: '::'.
2025-01-08 20:23:01 0 [Note] Starting MariaDB 10.4.32-MariaDB source revision c4143f909528e3fab0677a28631d10389354c491 as process 20500
2025-01-08 20:23:01 0 [Note] InnoDB: Mutexes and rw_locks use Windows interlocked functions
2025-01-08 20:23:01 0 [Note] InnoDB: Uses event mutexes
2025-01-08 20:23:01 0 [Note] InnoDB: Compressed tables use zlib 1.3
2025-01-08 20:23:01 0 [Note] InnoDB: Number of pools: 1
2025-01-08 20:23:01 0 [Note] InnoDB: Using SSE2 crc32 instructions
2025-01-08 20:23:01 0 [Note] InnoDB: Initializing buffer pool, total size = 16M, instances = 1, chunk size = 16M
2025-01-08 20:23:01 0 [Note] InnoDB: Completed initialization of buffer pool
2025-01-08 20:23:01 0 [Note] InnoDB: Starting crash recovery from checkpoint LSN=406915
2025-01-08 20:23:01 0 [Note] InnoDB: 128 out of 128 rollback segments are active.
2025-01-08 20:23:01 0 [Note] InnoDB: Removed temporary tablespace data file: "ibtmp1"
2025-01-08 20:23:01 0 [Note] InnoDB: Creating shared tablespace for temporary tables
2025-01-08 20:23:01 0 [Note] InnoDB: Setting file 'C:\xampp2\mysql\data\ibtmp1' size to 12 MB. Physically writing the file full; Please wait ...
2025-01-08 20:23:01 0 [Note] InnoDB: File 'C:\xampp2\mysql\data\ibtmp1' size is now 12 MB.
2025-01-08 20:23:01 0 [Note] InnoDB: Waiting for purge to start
2025-01-08 20:23:01 0 [Note] InnoDB: 10.4.32 started; log sequence number 406924; transaction id 611
2025-01-08 20:23:01 0 [Note] InnoDB: Loading buffer pool(s) from C:\xampp2\mysql\data\ib_buffer_pool
2025-01-08 20:23:01 0 [Note] Plugin 'FEEDBACK' is disabled.
2025-01-08 20:23:01 0 [Note] Server socket created on IP: '::'.
2025-01-08 20:28:59 0 [Note] Starting MariaDB 10.4.32-MariaDB source revision c4143f909528e3fab0677a28631d10389354c491 as process 13812
2025-01-08 20:28:59 0 [Note] InnoDB: Mutexes and rw_locks use Windows interlocked functions
2025-01-08 20:28:59 0 [Note] InnoDB: Uses event mutexes
2025-01-08 20:28:59 0 [Note] InnoDB: Compressed tables use zlib 1.3
2025-01-08 20:28:59 0 [Note] InnoDB: Number of pools: 1
2025-01-08 20:28:59 0 [Note] InnoDB: Using SSE2 crc32 instructions
2025-01-08 20:28:59 0 [Note] InnoDB: Initializing buffer pool, total size = 16M, instances = 1, chunk size = 16M
2025-01-08 20:28:59 0 [Note] InnoDB: Completed initialization of buffer pool
2025-01-08 20:28:59 0 [Note] InnoDB: Starting crash recovery from checkpoint LSN=406933
2025-01-08 20:28:59 0 [Note] InnoDB: 128 out of 128 rollback segments are active.
2025-01-08 20:28:59 0 [Note] InnoDB: Removed temporary tablespace data file: "ibtmp1"
2025-01-08 20:28:59 0 [Note] InnoDB: Creating shared tablespace for temporary tables
2025-01-08 20:28:59 0 [Note] InnoDB: Setting file 'C:\xampp2\mysql\data\ibtmp1' size to 12 MB. Physically writing the file full; Please wait ...
2025-01-08 20:28:59 0 [Note] InnoDB: File 'C:\xampp2\mysql\data\ibtmp1' size is now 12 MB.
2025-01-08 20:28:59 0 [Note] InnoDB: Waiting for purge to start
2025-01-08 20:28:59 0 [Note] InnoDB: 10.4.32 started; log sequence number 406942; transaction id 611
2025-01-08 20:28:59 0 [Note] InnoDB: Loading buffer pool(s) from C:\xampp2\mysql\data\ib_buffer_pool
2025-01-08 20:28:59 0 [Note] Plugin 'FEEDBACK' is disabled.
2025-01-08 20:28:59 0 [Note] InnoDB: Buffer pool(s) load completed at 250108 20:28:59
2025-01-08 20:28:59 0 [Note] Server socket created on IP: '::'.
2025-01-09 11:57:15 0 [Note] Starting MariaDB 10.4.32-MariaDB source revision c4143f909528e3fab0677a28631d10389354c491 as process 6032
2025-01-09 11:57:16 0 [Note] InnoDB: Mutexes and rw_locks use Windows interlocked functions
2025-01-09 11:57:16 0 [Note] InnoDB: Uses event mutexes
2025-01-09 11:57:16 0 [Note] InnoDB: Compressed tables use zlib 1.3
2025-01-09 11:57:16 0 [Note] InnoDB: Number of pools: 1
2025-01-09 11:57:16 0 [Note] InnoDB: Using SSE2 crc32 instructions
2025-01-09 11:57:16 0 [Note] InnoDB: Initializing buffer pool, total size = 16M, instances = 1, chunk size = 16M
2025-01-09 11:57:16 0 [Note] InnoDB: Completed initialization of buffer pool
2025-01-09 11:57:16 0 [Note] InnoDB: Starting crash recovery from checkpoint LSN=445889
2025-01-09 11:57:16 0 [Note] InnoDB: 128 out of 128 rollback segments are active.
2025-01-09 11:57:16 0 [Note] InnoDB: Removed temporary tablespace data file: "ibtmp1"
2025-01-09 11:57:16 0 [Note] InnoDB: Creating shared tablespace for temporary tables
2025-01-09 11:57:16 0 [Note] InnoDB: Setting file 'C:\xampp2\mysql\data\ibtmp1' size to 12 MB. Physically writing the file full; Please wait ...
2025-01-09 11:57:16 0 [Note] InnoDB: File 'C:\xampp2\mysql\data\ibtmp1' size is now 12 MB.
2025-01-09 11:57:16 0 [Note] InnoDB: Waiting for purge to start
2025-01-09 11:57:16 0 [Note] InnoDB: 10.4.32 started; log sequence number 445898; transaction id 727
2025-01-09 11:57:16 0 [Note] Plugin 'FEEDBACK' is disabled.
2025-01-09 11:57:16 0 [Note] InnoDB: Loading buffer pool(s) from C:\xampp2\mysql\data\ib_buffer_pool
2025-01-09 11:57:16 0 [Note] InnoDB: Buffer pool(s) load completed at 250109 11:57:16
2025-01-09 11:57:16 0 [Note] Server socket created on IP: '::'.
2025-01-10 10:16:14 0 [Note] Starting MariaDB 10.4.32-MariaDB source revision c4143f909528e3fab0677a28631d10389354c491 as process 4132
2025-01-10 10:16:14 0 [Note] InnoDB: Mutexes and rw_locks use Windows interlocked functions
2025-01-10 10:16:14 0 [Note] InnoDB: Uses event mutexes
2025-01-10 10:16:14 0 [Note] InnoDB: Compressed tables use zlib 1.3
2025-01-10 10:16:14 0 [Note] InnoDB: Number of pools: 1
2025-01-10 10:16:14 0 [Note] InnoDB: Using SSE2 crc32 instructions
2025-01-10 10:16:14 0 [Note] InnoDB: Initializing buffer pool, total size = 16M, instances = 1, chunk size = 16M
2025-01-10 10:16:14 0 [Note] InnoDB: Completed initialization of buffer pool
2025-01-10 10:16:14 0 [Note] InnoDB: Starting crash recovery from checkpoint LSN=664122
2025-01-10 10:16:14 0 [Note] InnoDB: 128 out of 128 rollback segments are active.
2025-01-10 10:16:14 0 [Note] InnoDB: Removed temporary tablespace data file: "ibtmp1"
2025-01-10 10:16:14 0 [Note] InnoDB: Creating shared tablespace for temporary tables
2025-01-10 10:16:14 0 [Note] InnoDB: Setting file 'C:\xampp2\mysql\data\ibtmp1' size to 12 MB. Physically writing the file full; Please wait ...
2025-01-10 10:16:14 0 [Note] InnoDB: File 'C:\xampp2\mysql\data\ibtmp1' size is now 12 MB.
2025-01-10 10:16:14 0 [Note] InnoDB: Waiting for purge to start
2025-01-10 10:16:14 0 [Note] InnoDB: 10.4.32 started; log sequence number 664131; transaction id 949
2025-01-10 10:16:14 0 [Note] InnoDB: Loading buffer pool(s) from C:\xampp2\mysql\data\ib_buffer_pool
2025-01-10 10:16:14 0 [Note] Plugin 'FEEDBACK' is disabled.
2025-01-10 10:16:14 0 [Note] InnoDB: Buffer pool(s) load completed at 250110 10:16:14
2025-01-10 10:16:14 0 [Note] Server socket created on IP: '::'.
